[    0.000000] Linux version 4.15.0-212-generic (buildd@lcy02-amd64-083) (gcc version 7.5.0 (Ubuntu 7.5.0-3ubuntu1~18.04)) #223-Ubuntu SMP Tue May 23 13:09:22 UTC 2023 (Ubuntu 4.15.0-212.223-generic 4.15.18)
[    0.000000] Command line: BOOT_IMAGE=/boot/vmlinuz-4.15.0-212-generic root=LABEL=cloudimg-rootfs ro console=tty1 console=ttyS0
[    0.000000] KERNEL supported cpus:
[    0.000000]   Intel GenuineIntel
[    0.000000]   AMD AuthenticAMD
[    0.000000]   Centaur CentaurHauls
[    0.000000] x86/fpu: Supporting XSAVE feature 0x001: 'x87 floating point registers'
[    0.000000] x86/fpu: Supporting XSAVE feature 0x002: 'SSE registers'
[    0.000000] x86/fpu: Supporting XSAVE feature 0x004: 'AVX registers'
[    0.000000] x86/fpu: xstate_offset[2]:  576, xstate_sizes[2]:  256
[    0.000000] x86/fpu: Enabled xstate features 0x7, context size is 832 bytes, using 'standard' format.
[    0.000000] e820: BIOS-provided physical RAM map:
[    0.000000] BIOS-e820: [mem 0x0000000000000000-0x000000000009fbff] usable
[    0.000000] BIOS-e820: [mem 0x000000000009fc00-0x000000000009ffff] reserved
[    0.000000] BIOS-e820: [mem 0x00000000000f0000-0x00000000000fffff] reserved
[    0.000000] BIOS-e820: [mem 0x0000000000100000-0x000000000ffeffff] usable
[    0.000000] BIOS-e820: [mem 0x000000000fff0000-0x000000000fffffff] ACPI data
[    0.000000] BIOS-e820: [mem 0x00000000fec00000-0x00000000fec00fff] reserved
[    0.000000] BIOS-e820: [mem 0x00000000fee00000-0x00000000fee00fff] reserved
[    0.000000] BIOS-e820: [mem 0x00000000fffc0000-0x00000000ffffffff] reserved
[    0.000000] NX (Execute Disable) protection: active
[    0.000000] SMBIOS 2.5 present.
[    0.000000] DMI: innotek GmbH VirtualBox/VirtualBox, BIOS VirtualBox 12/01/2006
[    0.000000] Hypervisor detected: KVM
[    0.000000] e820: last_pfn = 0xfff0 max_arch_pfn = 0x400000000
[    0.000000] MTRR: Disabled
[    0.000000] x86/PAT: MTRRs disabled, skipping PAT initialization too.
[    0.000000] CPU MTRRs all blank - virtualized system.
[    0.000000] x86/PAT: Configuration [0-7]: WB  WT  UC- UC  WB  WT  UC- UC  
[    0.000000] found SMP MP-table at [mem 0x0009fff0-0x0009ffff]
[    0.000000] Scanning 1 areas for low memory corruption
[    0.000000] RAMDISK: [mem 0x0db01000-0x0ee12fff]
[    0.000000] ACPI: Early table checksum verification disabled
[    0.000000] ACPI: RSDP 0x00000000000E0000 000024 (v02 VBOX  )
[    0.000000] ACPI: XSDT 0x000000000FFF0030 00003C (v01 VBOX   VBOXXSDT 00000001 ASL  00000061)
[    0.000000] ACPI: FACP 0x000000000FFF00F0 0000F4 (v04 VBOX   VBOXFACP 00000001 ASL  00000061)
[    0.000000] ACPI: DSDT 0x000000000FFF0610 002353 (v02 VBOX   VBOXBIOS 00000002 INTL 20210930)
[    0.000000] ACPI: FACS 0x000000000FFF0200 000040
[    0.000000] ACPI: FACS 0x000000000FFF0200 000040
[    0.000000] ACPI: APIC 0x000000000FFF0240 000054 (v02 VBOX   VBOXAPIC 00000001 ASL  00000061)
[    0.000000] ACPI: SSDT 0x000000000FFF02A0 00036C (v01 VBOX   VBOXCPUT 00000002 INTL 20210930)
[    0.000000] ACPI: Reserving FACP table memory at [mem 0xfff00f0-0xfff01e3]
[    0.000000] ACPI: Reserving DSDT table memory at [mem 0xfff0610-0xfff2962]
[    0.000000] ACPI: Reserving FACS table memory at [mem 0xfff0200-0xfff023f]
[    0.000000] ACPI: Reserving FACS table memory at [mem 0xfff0200-0xfff023f]
[    0.000000] ACPI: Reserving APIC table memory at [mem 0xfff0240-0xfff0293]
[    0.000000] ACPI: Reserving SSDT table memory at [mem 0xfff02a0-0xfff060b]
[    0.000000] No NUMA configuration found
[    0.000000] Faking a node at [mem 0x0000000000000000-0x000000000ffeffff]
[    0.000000] NODE_DATA(0) allocated [mem 0x0ffc5000-0x0ffeffff]
[    0.000000] kvm-clock: cpu 0, msr 0:ff44001, primary cpu clock
[    0.000000] kvm-clock: Using msrs 4b564d01 and 4b564d00
[    0.000000] kvm-clock: using sched offset of 4843766034 cycles
[    0.000000] clocksource: kvm-clock: mask: 0xffffffffffffffff max_cycles: 0x1cd42e4dffb, max_idle_ns: 881590591483 ns
[    0.000000] Zone ranges:
[    0.000000]   DMA      [mem 0x0000000000001000-0x0000000000ffffff]
[    0.000000]   DMA32    [mem 0x0000000001000000-0x000000000ffeffff]
[    0.000000]   Normal   empty
[    0.000000]   Device   empty
[    0.000000] Movable zone start for each node
[    0.000000] Early memory node ranges
[    0.000000]   node   0: [mem 0x0000000000001000-0x000000000009efff]
[    0.000000]   node   0: [mem 0x0000000000100000-0x000000000ffeffff]
[    0.000000] Reserved but unavailable: 104 pages
[    0.000000] Initmem setup node 0 [mem 0x0000000000001000-0x000000000ffeffff]
[    0.000000] ACPI: PM-Timer IO Port: 0x4008
[    0.000000] IOAPIC[0]: apic_id 1, version 32, address 0xfec00000, GSI 0-23
[    0.000000] ACPI: INT_SRC_OVR (bus 0 bus_irq 0 global_irq 2 dfl dfl)
[    0.000000] ACPI: INT_SRC_OVR (bus 0 bus_irq 9 global_irq 9 low level)
[    0.000000] Using ACPI (MADT) for SMP configuration information
[    0.000000] smpboot: Allowing 1 CPUs, 0 hotplug CPUs
[    0.000000] PM: Registered nosave memory: [mem 0x00000000-0x00000fff]
[    0.000000] PM: Registered nosave memory: [mem 0x0009f000-0x0009ffff]
[    0.000000] PM: Registered nosave memory: [mem 0x000a0000-0x000effff]
[    0.000000] PM: Registered nosave memory: [mem 0x000f0000-0x000fffff]
[    0.000000] e820: [mem 0x10000000-0xfebfffff] available for PCI devices
[    0.000000] Booting paravirtualized kernel on KVM
[    0.000000] clocksource: refined-jiffies: mask: 0xffffffff max_cycles: 0xffffffff, max_idle_ns: 7645519600211568 ns
[    0.000000] setup_percpu: NR_CPUS:8192 nr_cpumask_bits:1 nr_cpu_ids:1 nr_node_ids:1
[    0.000000] percpu: Embedded 50 pages/cpu s167936 r8192 d28672 u2097152
[    0.000000] PV qspinlock hash table entries: 256 (order: 0, 4096 bytes)
[    0.000000] Built 1 zonelists, mobility grouping on.  Total pages: 64377
[    0.000000] Policy zone: DMA32
[    0.000000] Kernel command line: BOOT_IMAGE=/boot/vmlinuz-4.15.0-212-generic root=LABEL=cloudimg-rootfs ro console=tty1 console=ttyS0
[    0.000000] Memory: 208700K/261688K available (12300K kernel code, 2477K rwdata, 4324K rodata, 2480K init, 2720K bss, 52988K reserved, 0K cma-reserved)
[    0.000000] SLUB: HWalign=64, Order=0-3, MinObjects=0, CPUs=1, Nodes=1
[    0.000000] Kernel/User page tables isolation: enabled
[    0.000000] ftrace: allocating 39508 entries in 155 pages
[    0.004000] Hierarchical RCU implementation.
[    0.004000] 	RCU restricting CPUs from NR_CPUS=8192 to nr_cpu_ids=1.
[    0.004000] 	Tasks RCU enabled.
[    0.004000] RCU: Adjusting geometry for rcu_fanout_leaf=16, nr_cpu_ids=1
[    0.004000] NR_IRQS: 524544, nr_irqs: 256, preallocated irqs: 16
[    0.004000] random: crng init done
[    0.004000] Console: colour VGA+ 80x25
[    0.004000] console [tty1] enabled
[    0.004000] console [ttyS0] enabled
[    0.004000] ACPI: Core revision 20170831
[    0.004000] ACPI: 2 ACPI AML tables successfully acquired and loaded
[    0.004000] APIC: Switch to symmetric I/O mode setup
[    0.006629] x2apic enabled
[    0.008000] Switched APIC routing to physical x2apic.
[    0.008000] ..TIMER: vector=0x30 apic1=0 pin1=2 apic2=-1 pin2=-1
[    0.008017] tsc: Detected 2179.688 MHz processor
[    0.012025] Calibrating delay loop (skipped) preset value.. 4359.37 BogoMIPS (lpj=8718752)
[    0.016016] pid_max: default: 32768 minimum: 301
[    0.020000] Security Framework initialized
[    0.020015] Yama: becoming mindful.
[    0.024066] AppArmor: AppArmor initialized
[    0.028000] Dentry cache hash table entries: 32768 (order: 6, 262144 bytes)
[    0.028062] Inode-cache hash table entries: 16384 (order: 5, 131072 bytes)
[    0.032051] Mount-cache hash table entries: 512 (order: 0, 4096 bytes)
[    0.036028] Mountpoint-cache hash table entries: 512 (order: 0, 4096 bytes)
[    0.042628] process: using mwait in idle threads
[    0.044080] Last level iTLB entries: 4KB 1024, 2MB 1024, 4MB 1024
[    0.048013] Last level dTLB entries: 4KB 1024, 2MB 1024, 4MB 1024, 1GB 4
[    0.052014] Spectre V1 : Mitigation: usercopy/swapgs barriers and __user pointer sanitization
[    0.056014] Spectre V2 : Mitigation: Retpolines
[    0.060009] Spectre V2 : Spectre v2 / SpectreRSB mitigation: Filling RSB on context switch
[    0.064012] Spectre V2 : Spectre v2 / SpectreRSB : Filling RSB on VMEXIT
[    0.068014] Speculative Store Bypass: Vulnerable
[    0.072112] MDS: Mitigation: Clear CPU buffers
[    0.076011] MMIO Stale Data: Unknown: No mitigations
[    0.080013] SRBDS: Unknown: Dependent on hypervisor status
[    0.100000] Freeing SMP alternatives memory: 36K
[    0.216016] APIC calibration not consistent with PM-Timer: 204ms instead of 100ms
[    0.220000] APIC delta adjusted to PM-Timer: 6249989 (12750727)
[    0.220648] smpboot: CPU0: Intel(R) Core(TM) i7-4770HQ CPU @ 2.20GHz (family: 0x6, model: 0x46, stepping: 0x1)
[    0.224191] Performance Events: unsupported p6 CPU model 70 no PMU driver, software events only.
[    0.228131] Hierarchical SRCU implementation.
[    0.233318] NMI watchdog: Perf event create on CPU 0 failed with -2
[    0.236015] NMI watchdog: Perf NMI watchdog permanently disabled
[    0.240193] smp: Bringing up secondary CPUs ...
[    0.244017] smp: Brought up 1 node, 1 CPU
[    0.248013] smpboot: Max logical packages: 1
[    0.252018] smpboot: Total of 1 processors activated (4359.37 BogoMIPS)
[    0.256293] devtmpfs: initialized
[    0.260206] x86/mm: Memory block size: 128MB
[    0.264314] evm: security.selinux
[    0.268000] evm: security.SMACK64
[    0.268052] evm: security.SMACK64EXEC
[    0.272016] evm: security.SMACK64TRANSMUTE
[    0.276000] evm: security.SMACK64MMAP
[    0.276000] evm: security.apparmor
[    0.276014] evm: security.ima
[    0.280000] evm: security.capability
[    0.280374] clocksource: jiffies: mask: 0xffffffff max_cycles: 0xffffffff, max_idle_ns: 7645041785100000 ns
[    0.284052] futex hash table entries: 256 (order: 2, 16384 bytes)
[    0.288129] pinctrl core: initialized pinctrl subsystem
[    0.296436] RTC time: 21:06:39, date: 08/06/24
[    0.300000] NET: Registered protocol family 16
[    0.300305] audit: initializing netlink subsys (disabled)
[    0.304371] cpuidle: using governor ladder
[    0.308031] audit: type=2000 audit(1722978404.333:1): state=initialized audit_enabled=0 res=1
[    0.312036] cpuidle: using governor menu
[    0.316141] ACPI: bus type PCI registered
[    0.320000] acpiphp: ACPI Hot Plug PCI Controller Driver version: 0.5
[    0.320631] PCI: Using configuration type 1 for base access
[    0.325943] HugeTLB registered 2.00 MiB page size, pre-allocated 0 pages
[    0.328376] ACPI: Added _OSI(Module Device)
[    0.332000] ACPI: Added _OSI(Processor Device)
[    0.332025] ACPI: Added _OSI(3.0 _SCP Extensions)
[    0.336015] ACPI: Added _OSI(Processor Aggregator Device)
[    0.340042] ACPI: Added _OSI(Linux-Dell-Video)
[    0.344000] ACPI: Added _OSI(Linux-Lenovo-NV-HDMI-Audio)
[    0.344067] ACPI: Added _OSI(Linux-HPI-Hybrid-Graphics)
[    0.349429] ACPI: Executed 1 blocks of module-level executable AML code
[    0.360000] ACPI: Interpreter enabled
[    0.360058] ACPI: (supports S0 S5)
[    0.364000] ACPI: Using IOAPIC for interrupt routing
[    0.365174] PCI: Using host bridge windows from ACPI; if necessary, use "pci=nocrs" and report a bug
[    0.368606] ACPI: Enabled 2 GPEs in block 00 to 07
[    0.385671] ACPI: PCI Root Bridge [PCI0] (domain 0000 [bus 00-ff])
[    0.388039] acpi PNP0A03:00: _OSC: OS supports [ASPM ClockPM Segments MSI]
[    0.394122] acpi PNP0A03:00: _OSC: not requesting OS control; OS requires [ExtendedConfig ASPM ClockPM MSI]
[    0.396148] acpi PNP0A03:00: fail to add MMCONFIG information, can't access extended PCI configuration space under this bridge.
[    0.401991] PCI host bridge to bus 0000:00
[    0.404021] pci_bus 0000:00: root bus resource [io  0x0000-0x0cf7 window]
[    0.408018] pci_bus 0000:00: root bus resource [io  0x0d00-0xffff window]
[    0.412022] pci_bus 0000:00: root bus resource [mem 0x000a0000-0x000bffff window]
[    0.416022] pci_bus 0000:00: root bus resource [mem 0x10000000-0xfdffffff window]
[    0.420022] pci_bus 0000:00: root bus resource [bus 00-ff]
[    0.432000] pci 0000:00:01.1: legacy IDE quirk: reg 0x10: [io  0x01f0-0x01f7]
[    0.432020] pci 0000:00:01.1: legacy IDE quirk: reg 0x14: [io  0x03f6]
[    0.436031] pci 0000:00:01.1: legacy IDE quirk: reg 0x18: [io  0x0170-0x0177]
[    0.440023] pci 0000:00:01.1: legacy IDE quirk: reg 0x1c: [io  0x0376]
[    0.495004] pci 0000:00:07.0: quirk: [io  0x4000-0x403f] claimed by PIIX4 ACPI
[    0.496074] pci 0000:00:07.0: quirk: [io  0x4100-0x410f] claimed by PIIX4 SMB
[    0.508000] ACPI: PCI Interrupt Link [LNKA] (IRQs 5 9 10 *11)
[    0.509433] ACPI: PCI Interrupt Link [LNKB] (IRQs 5 9 *10 11)
[    0.512474] ACPI: PCI Interrupt Link [LNKC] (IRQs 5 *9 10 11)
[    0.516495] ACPI: PCI Interrupt Link [LNKD] (IRQs 5 9 10 *11)
[    0.520702] SCSI subsystem initialized
[    0.524293] pci 0000:00:02.0: vgaarb: setting as boot VGA device
[    0.528000] pci 0000:00:02.0: vgaarb: VGA device added: decodes=io+mem,owns=io+mem,locks=none
[    0.528021] pci 0000:00:02.0: vgaarb: bridge control possible
[    0.532362] vgaarb: loaded
[    0.536154] ACPI: bus type USB registered
[    0.540000] usbcore: registered new interface driver usbfs
[    0.540068] usbcore: registered new interface driver hub
[    0.544062] usbcore: registered new device driver usb
[    0.548468] EDAC MC: Ver: 3.0.0
[    0.552000] PCI: Using ACPI for IRQ routing
[    0.553476] NetLabel: Initializing
[    0.556012] NetLabel:  domain hash size = 128
[    0.560012] NetLabel:  protocols = UNLABELED CIPSOv4 CALIPSO
[    0.564000] NetLabel:  unlabeled traffic allowed by default
[    0.564257] clocksource: Switched to clocksource kvm-clock
[    0.602965] VFS: Disk quotas dquot_6.6.0
[    0.612659] VFS: Dquot-cache hash table entries: 512 (order 0, 4096 bytes)
[    0.622609] AppArmor: AppArmor Filesystem Enabled
[    0.626232] pnp: PnP ACPI init
[    0.638304] pnp: PnP ACPI: found 3 devices
[    0.654296] clocksource: acpi_pm: mask: 0xffffff max_cycles: 0xffffff, max_idle_ns: 2085701024 ns
[    0.667904] NET: Registered protocol family 2
[    0.675210] IP idents hash table entries: 4096 (order: 3, 32768 bytes)
[    0.684493] TCP established hash table entries: 2048 (order: 2, 16384 bytes)
[    0.694398] TCP bind hash table entries: 2048 (order: 3, 32768 bytes)
[    0.703131] TCP: Hash tables configured (established 2048 bind 2048)
[    0.711986] UDP hash table entries: 256 (order: 1, 8192 bytes)
[    0.720286] UDP-Lite hash table entries: 256 (order: 1, 8192 bytes)
[    0.729923] NET: Registered protocol family 1
[    0.733683] pci 0000:00:00.0: Limiting direct PCI/PCI transfers
[    0.745124] pci 0000:00:01.0: Activating ISA DMA hang workarounds
[    0.756034] pci 0000:00:02.0: Video device with shadowed ROM at [mem 0x000c0000-0x000dffff]
[    0.769956] Unpacking initramfs...
[    1.559460] Freeing initrd memory: 19528K
[    1.559460] clocksource: tsc: mask: 0xffffffffffffffff max_cycles: 0x1f6b3f07687, max_idle_ns: 440795308789 ns
[    1.578036] platform rtc_cmos: registered platform RTC device (no PNP device found)
[    1.588284] Scanning for low memory corruption every 60 seconds
[    1.597051] Initialise system trusted keyrings
[    1.600186] Key type blacklist registered
[    1.608679] workingset: timestamp_bits=36 max_order=16 bucket_order=0
[    1.622154] zbud: loaded
[    1.628274] squashfs: version 4.0 (2009/01/31) Phillip Lougher
[    1.636590] fuse init (API version 7.26)
[    1.640413] Key type asymmetric registered
[    1.651359] Asymmetric key parser 'x509' registered
[    1.658510] Block layer SCSI generic (bsg) driver version 0.4 loaded (major 246)
[    1.668395] io scheduler noop registered
[    1.672213] io scheduler deadline registered
[    1.680147] io scheduler cfq registered (default)
[    1.688733] ACPI: AC Adapter [AC] (on-line)
[    1.691331] input: Power Button as /devices/LNXSYSTM:00/LNXPWRBN:00/input/input0
[    1.706546] ACPI: Power Button [PWRF]
[    1.709080] input: Sleep Button as /devices/LNXSYSTM:00/LNXSLPBN:00/input/input1
[    1.722224] ACPI: Sleep Button [SLPF]
[    1.731793] ACPI: Battery Slot [BAT0] (battery present)
[    1.740710] Serial: 8250/16550 driver, 32 ports, IRQ sharing enabled
[    1.782653] 00:02: ttyS0 at I/O 0x3f8 (irq = 4, base_bau = 115200) is a 16550A
[    1.785036] Linux agpgart interface v0.103
[    1.808914] loop: module loaded
[    1.810844] scsi host0: ata_piix
[    1.820722] scsi host1: ata_piix
[    1.824511] ata1: PATA max UDMA/33 cmd 0x1f0 ctl 0x3f6 bmdma 0xd000 irq 14
[    1.834891] ata2: PATA max UDMA/33 cmd 0x170 ctl 0x376 bmdma 0xd008 irq 15
[    1.848356] tun: Universal TUN/TAP device driver, 1.6
[    1.848667] PPP generic driver version 2.4.2
[    1.861205] ehci_hcd: USB 2.0 'Enhanced' Host Controller (EHCI) Driver
[    1.869898] ehci-pci: EHCI PCI platform driver
[    1.873825] ehci-platform: EHCI generic platform driver
[    1.883470] ohci_hcd: USB 1.1 'Open' Host Controller (OHCI) Driver
[    1.893072] ohci-pci: OHCI PCI platform driver
[    1.898887] ohci-platform: OHCI generic platform driver
[    1.902803] uhci_hcd: USB Universal Host Controller Interface driver
[    1.914408] i8042: PNP: PS/2 Controller [PNP0303:PS2K,PNP0f03:PS2M] at 0x60,0x64 irq 1,12
[    1.931202] serio: i8042 KBD port at 0x60,0x64 irq 1
[    1.932631] serio: i8042 AUX port at 0x60,0x64 irq 12
[    1.947486] mousedev: PS/2 mouse device common for all mice
[    1.960052] input: AT Translated Set 2 keyboard as /devices/platform/i8042/serio0/input/input2
[    1.970861] rtc_cmos rtc_cmos: rtc core: registered rtc_cmos as rtc0
[    1.980740] rtc_cmos rtc_cmos: alarms up to one day, 114 bytes nvram
[    1.989546] i2c /dev entries driver
[    1.992602] device-mapper: uevent: version 1.0.3
[    2.094937] device-mapper: ioctl: 4.37.0-ioctl (2017-09-20) initialised: dm-devel@redhat.com
[    2.106265] ledtrig-cpu: registered to indicate activity on CPUs
[    2.116676] NET: Registered protocol family 10
[    2.133408] Segment Routing with IPv6
[    2.142593] NET: Registered protocol family 17
[    2.150468] Key type dns_resolver registered
[    2.153778] mce: Using 0 MCE banks
[    2.165644] RAS: Correctable Errors collector initialized.
[    2.173654] sched_clock: Marking stable (2173514177, 0)->(4190674719, -2017160542)
[    2.184814] registered taskstats version 1
[    2.190917] Loading compiled-in X.509 certificates
[    2.203758] Loaded X.509 cert 'Build time autogenerated kernel key: b5b26778eaa3ab3a4a6cee031137706e947d12ad'
[    2.219440] Loaded X.509 cert 'Canonical Ltd. Live Patch Signing: 14df34d1a87cf37625abec039ef2bf521249b969'
[    2.235580] Loaded X.509 cert 'Canonical Ltd. Kernel Module Signing: 88f752e560a1e0737e31163a466ad7b70a850c19'
[    2.248884] blacklist: Loading compiled-in revocation X.509 certificates
[    2.263066] Loaded X.509 cert 'Canonical Ltd. Secure Boot Signing: 61482aa2830d0ab2ad5af10b7250da9033ddcef0'
[    2.275957] Loaded X.509 cert 'Canonical Ltd. Secure Boot Signing (2017): 242ade75ac4a15e50d50c84b0d45ff3eae707a03'
[    2.291183] Loaded X.509 cert 'Canonical Ltd. Secure Boot Signing (ESM 2018): 365188c1d374d6b07c3c8f240f8ef722433d6a8b'
[    2.306925] Loaded X.509 cert 'Canonical Ltd. Secure Boot Signing (2019): c0746fd6c5da3ae827864651ad66ae47fe24b3e8'
[    2.323047] Loaded X.509 cert 'Canonical Ltd. Secure Boot Signing (2021 v1): a8d54bbb3825cfb94fa13c9f8a594a195c107b8d'
[    2.336967] Loaded X.509 cert 'Canonical Ltd. Secure Boot Signing (2021 v2): 4cf046892d6fd3c9a5b03f98d845f90851dc6a8c'
[    2.354027] Loaded X.509 cert 'Canonical Ltd. Secure Boot Signing (2021 v3): 100437bb6de6e469b581e61cd66bce3ef4ed53af'
[    2.370096] Loaded X.509 cert 'Canonical Ltd. Secure Boot Signing (Ubuntu Core 2019): c1d57b8f6b743f23ee41f4f7ee292f06eecadfb9'
[    2.386834] zswap: loaded using pool lzo/zbud
[    2.401776] Key type big_key registered
[    2.406962] Key type trusted registered
[    2.418255] Key type encrypted registered
[    2.427826] AppArmor: AppArmor sha1 policy hashing enabled
[    2.435949] ima: No TPM chip found, activating TPM-bypass! (rc=-19)
[    2.446240] ima: Allocated hash algorithm: sha1
[    2.457168] evm: HMAC attrs: 0x1
[    2.466926]   Magic number: 4:755:145
[    2.472687] ata_port ata2: hash matches
[    2.478505]  ata2: hash matches
[    2.485678] rtc_cmos rtc_cmos: setting system clock to 2024-08-06 21:06:41 UTC (1722978401)
[    2.498934] BIOS EDD facility v0.16 2004-Jun-25, 0 devices found
[    2.510243] EDD information not available.
[    2.524615] Freeing unused kernel image memory: 2480K
[    2.536094] Write protecting the kernel read-only data: 20480k
[    2.544831] Freeing unused kernel image memory: 2008K
[    2.552785] Freeing unused kernel image memory: 1820K
[    2.583508] x86/mm: Checked W+X mappings: passed, no W+X pages found.
[    2.599592] x86/mm: Checking user space page tables
[    2.627755] x86/mm: Checked W+X mappings: passed, no W+X pages found.
Loading, please wait...
starting version 237
[    2.925036] e1000: Intel(R) PRO/1000 Network Driver - version 7.3.21-k8-NAPI
[    2.934583] e1000: Copyright (c) 1999-2006 Intel Corporation.
[    2.948302] Fusion MPT base driver 3.04.20
[    2.953735] Copyright (c) 1999-2008 LSI Corporation
[    3.081531] AVX2 version of gcm_enc/dec engaged.
[    3.088913] AES CTR mode by8 optimization enabled
[    3.099931] Fusion MPT SPI Host driver 3.04.20
[    3.230916] input: ImExPS/2 Generic Explorer Mouse as /devices/platform/i8042/serio1/input/input4
[    3.914331] e1000 0000:00:03.0 eth0: (PCI:33MHz:32-bit) 02:3b:7b:b7:3b:2d
[    3.928074] e1000 0000:00:03.0 eth0: Intel(R) PRO/1000 Network Connection
[    3.950169] e1000 0000:00:03.0 enp0s3: renamed from eth0
[    3.970428] mptbase: ioc0: Initiating bringup
[    4.087175] ioc0: LSI53C1030 A0: Capabilities={Initiator}
[    4.349271] scsi host2: ioc0: LSI53C1030 A0, FwRev=00000000h, Ports=1, MaxQ=256, IRQ=20
[    4.530016] scsi 2:0:0:0: Direct-Access     VBOX     HARDDISK         1.0  PQ: 0 ANSI: 5
[    4.549017] scsi target2:0:0: Beginning Domain Validation
[    4.571399] scsi target2:0:0: Domain Validation skipping write tests
[    4.582408] scsi target2:0:0: Ending Domain Validation
[    4.595171] scsi target2:0:0: asynchronous
[    4.609746] scsi 2:0:1:0: Direct-Access     VBOX     HARDDISK         1.0  PQ: 0 ANSI: 5
[    4.626573] scsi target2:0:1: Beginning Domain Validation
[    4.646952] scsi target2:0:1: Domain Validation skipping write tests
[    4.658498] scsi target2:0:1: Ending Domain Validation
[    4.669426] scsi target2:0:1: asynchronous
[    4.693768] sd 2:0:0:0: [sda] 83886080 512-byte logical blocks: (42.9 GB/40.0 GiB)
[    4.704939] sd 2:0:0:0: Attached scsi generic sg0 type 0
[    4.713855] sd 2:0:0:0: [sda] Write Protect is off
[    4.723360] sd 2:0:1:0: [sdb] 20480 512-byte logical blocks: (10.5 MB/10.0 MiB)
[    4.738288] sd 2:0:1:0: Attached scsi generic sg1 type 0
[    4.755928] sd 2:0:1:0: [sdb] Write Protect is off
[    4.766368] sd 2:0:0:0: [sda] Incomplete mode parameter data
[    4.775756] sd 2:0:0:0: [sda] Assuming drive cache: write through
[    4.786437] sd 2:0:1:0: [sdb] Incomplete mode parameter data
[    4.795990] sd 2:0:1:0: [sdb] Assuming drive cache: write through
[    4.811101]  sda: sda1
[    4.823570] sd 2:0:1:0: [sdb] Attached SCSI disk
[    4.837259] sd 2:0:0:0: [sda] Attached SCSI disk
Begin: Loading essential drivers ... [    9.637733] raid6: sse2x1   gen()  1674 MB/s
[    9.702564] raid6: sse2x1   xor()  1385 MB/s
[    9.772908] raid6: sse2x2   gen()  3436 MB/s
[    9.843163] raid6: sse2x2   xor()  2443 MB/s
[    9.904255] raid6: sse2x4   gen()  3378 MB/s
[    9.983734] raid6: sse2x4   xor()  1954 MB/s
[   10.054882] raid6: avx2x1   gen()  4785 MB/s
[   10.125371] raid6: avx2x1   xor()  3870 MB/s
[   10.197346] raid6: avx2x2   gen()  5762 MB/s
[   10.266580] raid6: avx2x2   xor()  3409 MB/s
[   10.336810] raid6: avx2x4   gen()  7034 MB/s
[   10.406895] raid6: avx2x4   xor()  2835 MB/s
[   10.420789] raid6: using algorithm avx2x4 gen() 7034 MB/s
[   10.439786] raid6: .... xor() 2835 MB/s, rmw enabled
[   10.456449] raid6: using avx2x2 recovery algorithm
[   10.479407] xor: automatically using best checksumming function   avx       
[   10.502156] async_tx: api initialized (async)
done.
Begin: Running /scripts/init-premount ... done.
Begin: Mounting root file system ... Begin: Running /scripts/local-top ... done.
Begin: Running /scripts/local-premount ... [   10.834932] Btrfs loaded, crc32c=crc32c-intel
Scanning for Btrfs filesystems
done.
Warning: fsck not present, so skipping root file system
[   11.249630] EXT4-fs (sda1): mounted filesystem with ordered data mode. Opts: (null)
done.
Begin: Running /scripts/local-bottom ... done.
Begin: Running /scripts/init-bottom ... done.
[   12.571765] ip_tables: (C) 2000-2006 Netfilter Core Team
[   12.626535] systemd[1]: systemd 237 running in system mode. (+PAM +AUDIT +SELINUX +IMA +APPARMOR +SMACK +SYSVINIT +UTMP +LIBCRYPTSETUP +GCRYPT +GNUTLS +ACL +XZ +LZ4 +SECCOMP +BLKID +ELFUTILS +KMOD -IDN2 +IDN -PCRE2 default-hierarchy=hybrid)
[   12.680909] systemd[1]: Detected virtualization oracle.
[   12.691983] systemd[1]: Detected architecture x86-64.

Welcome to [1mUbuntu 18.04.6 LTS[0m!

[   12.726864] systemd[1]: Set hostname to <ubuntu>.
[   12.751342] systemd[1]: Initializing machine ID from random generator.
[   12.764165] systemd[1]: Installed transient /etc/machine-id file.
[   13.614641] systemd[1]: Reached target Swap.
[[0;32m  OK  [0m] Reached target Swap.
[   13.632497] systemd[1]: Reached target User and Group Name Lookups.
[[0;32m  OK  [0m] Reached target User and Group Name Lookups.
[   13.653021] systemd[1]: Reached target Mounting snaps.
[[0;32m  OK  [0m] Reached target Mounting snaps.
[   13.736493] systemd[1]: Reached target Mounted snaps.
[[0;32m  OK  [0m] Reached target Mounted snaps.
[[0;32m  OK  [0m] Set up automount Arbitrary Executab…rmats File System Automount Point.
[[0;32m  OK  [0m] Started Forward Password Requests to Wall Directory Watch.
[[0;32m  OK  [0m] Reached target System Time Synchronized.
[[0;32m  OK  [0m] Created slice System Slice.
[[0;32m  OK  [0m] Listening on Network Service Netlink Socket.
[[0;32m  OK  [0m] Listening on LVM2 poll daemon socket.
[[0;32m  OK  [0m] Listening on fsck to fsckd communication Socket.
[[0;32m  OK  [0m] Listening on udev Control Socket.
[[0;32m  OK  [0m] Listening on Journal Socket.
         Starting File System Check on Root Device...
         Starting Set the console keyboard layout...
[[0;32m  OK  [0m] Listening on Device-mapper event daemon FIFOs.
[[0;32m  OK  [0m] Listening on Syslog Socket.
         Mounting Kernel Debug File System...
[[0;32m  OK  [0m] Listening on Journal Socket (/dev/log).
[[0;32m  OK  [0m] Listening on LVM2 metadata daemon socket.
[[0;32m  OK  [0m] Listening on Journal Audit Socket.
         Starting Journal Service...
         Mounting POSIX Message Queue File System...
         Starting Create list of required st…ce nodes for the current kernel...
         Starting Load Kernel Modules...
[[0;32m  OK  [0m] Listening on udev Kernel Socket.
         Starting udev Coldplug all Devices...
[[0;32m  OK  [0m] Created slice system-serial\x2dgetty.slice.
[[0;32m  OK  [0m] Listening on /dev/initctl Compatibility Named Pipe.
         Starting Uncomplicated firewall...
         Mounting Huge Pages File System...
         Starting Monitoring of LVM2 mirrors…ng dmeventd or progress polling...
[[0;32m  OK  [0m] Created slice User and Session Slice.
[[0;32m  OK  [0m] Reached target Slices.
[[0;32m  OK  [0m] Started File System Check on Root Device.
[[0;32m  OK  [0m] Mounted Kernel Debug File System.
[[0;32m  OK  [0m] Mounted POSIX Message Queue File System.
[[0;32m  OK  [0m] Started Create list of required sta…vice nodes for the current kernel.
[[0;32m  OK  [0m] Started Uncomplicated firewall.
[[0;32m  OK  [0m] Mounted Huge Pages File System.
[   14.907408] Loading iSCSI transport class v2.0-870.
[[0;32m  OK  [0m] Started File System Check Daemon to report status.
         Starting Create Static Device Nodes in /dev...
         Starting Remount Root and Kernel File Systems...
[   15.148090] iscsi: registered transport (tcp)
[[0;32m  OK  [0m] Started Create Static Device Nodes in /dev.
[   15.235358] EXT4-fs (sda1): re-mounted. Opts: (null)
[[0;32m  OK  [0m] Started Remount Root and Kernel File Systems.
         Starting udev Kernel Device Manager...
         Starting Load/Save Random Seed...
[[0;32m  OK  [0m] Started LVM2 metadata daemon.
[[0;32m  OK  [0m] Started Journal Service.
         Starting Flush Journal to Persistent Storage...
[   15.624553] systemd-journald[391]: Received request to flush runtime journal from PID 1
[[0;32m  OK  [0m] Started Load/Save Random Seed.
[[0;32m  OK  [0m] Started udev Kernel Device Manager.
[[0;32m  OK  [0m] Started Monitoring of LVM2 mirrors,…sing dmeventd or progress polling.
[   15.910644] iscsi: registered transport (iser)
[[0;32m  OK  [0m] Started Load Kernel Modules.
[[0;32m  OK  [0m] Started Flush Journal to Persistent Storage.
         Mounting Kernel Configuration File System...
         Starting Apply Kernel Variables...
         Mounting FUSE Control File System...
[[0;32m  OK  [0m] Mounted Kernel Configuration File System.
[[0;32m  OK  [0m] Started Apply Kernel Variables.
[[0;32m  OK  [0m] Mounted FUSE Control File System.
[[0;32m  OK  [0m] Started udev Coldplug all Devices.
[[0;32m  OK  [0m] Found device /dev/ttyS0.
[[0;32m  OK  [0m] Listening on Load/Save RF Kill Switch Status /dev/rfkill Watch.
[[0;32m  OK  [0m] Started Set the console keyboard layout.
         Mounting Arbitrary Executable File Formats File System...
[[0;32m  OK  [0m] Reached target Local File Systems (Pre).
[[0;32m  OK  [0m] Reached target Local File Systems.
         Starting AppArmor initialization...
         Starting Create Volatile Files and Directories...
         Starting Commit a transient machine-id on disk...
         Starting Tell Plymouth To Write Out Runtime Data...
         Starting Set console font and keymap...
         Starting ebtables ruleset management...
[[0;32m  OK  [0m] Started Dispatch Password Requests to Console Directory Watch.
[[0;32m  OK  [0m] Reached target Local Encrypted Volumes.
[[0;32m  OK  [0m] Mounted Arbitrary Executable File Formats File System.
[[0;32m  OK  [0m] Started Commit a transient machine-id on disk.
[[0;32m  OK  [0m] Started Tell Plymouth To Write Out Runtime Data.
[[0;32m  OK  [0m] Started Create Volatile Files and Directories.
         Starting Update UTMP about System Boot/Shutdown...
[[0;32m  OK  [0m] Started ebtables ruleset management.
[[0;32m  OK  [0m] Started Update UTMP about System Boot/Shutdown.
[    [0;31m*[0;1;31m*[0m] (1 of 2) A start job is running for…or initialization (32s / no limit)[K[[0;32m  OK  [0m] Started AppArmor initialization.
         Starting Load AppArmor profiles managed internally by snapd...
         Starting Initial cloud-init job (pre-networking)...
[[0;32m  OK  [0m] Started Load AppArmor profiles managed internally by snapd.
[[0;32m  OK  [0m] Started Set console font and keymap.
[   53.150346] cloud-init[775]: Cloud-init v. 23.1.2-0ubuntu0~18.04.1 running 'init-local' at Tue, 06 Aug 2024 21:07:30 +0000. Up 51.81 seconds.
[[0;32m  OK  [0m] Started Initial cloud-init job (pre-networking).
[[0;32m  OK  [0m] Reached target Network (Pre).
         Starting Network Service...
[[0;32m  OK  [0m] Started Network Service.
         Starting Network Name Resolution...
         Starting Wait for Network to be Configured...
[[0;32m  OK  [0m] Started Network Name Resolution.
[[0;32m  OK  [0m] Reached target Host and Network Name Lookups.
[[0;32m  OK  [0m] Reached target Network.
[[0;32m  OK  [0m] Started Wait for Network to be Configured.
         Starting Initial cloud-init job (metadata service crawler)...
[   59.754676] cloud-init[869]: Cloud-init v. 23.1.2-0ubuntu0~18.04.1 running 'init' at Tue, 06 Aug 2024 21:07:37 +0000. Up 58.66 seconds.
[   59.812256] cloud-init[869]: ci-info: ++++++++++++++++++++++++++++++++++++++Net device info++++++++++++++++++++++++++++++++++++++
[   59.857213] cloud-init[869]: ci-info: +--------+------+----------------------------+---------------+--------+-------------------+
[   59.890179] cloud-init[869]: ci-info: | Device |  Up  |          Address           |      Mask     | Scope  |     Hw-Address    |
[   59.907027] cloud-init[869]: ci-info: +--------+------+----------------------------+---------------+--------+-------------------+
[   59.925461] cloud-init[869]: ci-info: | enp0s3 | True |         10.0.2.15          | 255.255.255.0 | global | 02:3b:7b:b7:3b:2d |
[   59.942202] cloud-init[869]: ci-info: | enp0s3 | True | fe80::3b:7bff:feb7:3b2d/64 |       .       |  link  | 02:3b:7b:b7:3b:2d |
[   59.962523] cloud-init[869]: ci-info: |   lo   | True |         127.0.0.1          |   255.0.0.0   |  host  |         .         |
[   59.979448] cloud-init[869]: ci-info: |   lo   | True |          ::1/128           |       .       |  host  |         .         |
[   60.033099] cloud-init[869]: ci-info: +--------+------+----------------------------+---------------+--------+-------------------+
[   60.073232] cloud-init[869]: ci-info: ++++++++++++++++++++++++++++Route IPv4 info+++++++++++++++++++++++++++++
[   60.112834] cloud-init[869]: ci-info: +-------+-------------+----------+-----------------+-----------+-------+
[   60.163496] cloud-init[869]: ci-info: | Route | Destination | Gateway  |     Genmask     | Interface | Flags |
[   60.205910] cloud-init[869]: ci-info: +-------+-------------+----------+-----------------+-----------+-------+
[   60.253920] cloud-init[869]: ci-info: |   0   |   0.0.0.0   | 10.0.2.2 |     0.0.0.0     |   enp0s3  |   UG  |
[   60.293218] cloud-init[869]: ci-info: |   1   |   10.0.2.0  | 0.0.0.0  |  255.255.255.0  |   enp0s3  |   U   |
[   60.326746] cloud-init[869]: ci-info: |   2   |   10.0.2.2  | 0.0.0.0  | 255.255.255.255 |   enp0s3  |   UH  |
[   60.362914] cloud-init[869]: ci-info: +-------+-------------+----------+-----------------+-----------+-------+
[   60.405265] cloud-init[869]: ci-info: +++++++++++++++++++Route IPv6 info+++++++++++++++++++
[   60.428163] cloud-init[869]: ci-info: +-------+-------------+---------+-----------+-------+
[   60.453348] cloud-init[869]: ci-info: | Route | Destination | Gateway | Interface | Flags |
[   60.495716] cloud-init[869]: ci-info: +-------+-------------+---------+-----------+-------+
[   60.509500] cloud-init[869]: ci-info: |   1   |  fe80::/64  |    ::   |   enp0s3  |   U   |
[   60.541200] cloud-init[869]: ci-info: |   3   |    local    |    ::   |   enp0s3  |   U   |
[   60.553790] cloud-init[869]: ci-info: |   4   |   ff00::/8  |    ::   |   enp0s3  |   U   |
[   60.585859] cloud-init[869]: ci-info: +-------+-------------+---------+-----------+-------+
[   63.387004] cloud-init[869]: Generating public/private rsa key pair.
[   63.426048] cloud-init[869]: Your identification has been saved in /etc/ssh/ssh_host_rsa_key.
[   63.451208] cloud-init[869]: Your public key has been saved in /etc/ssh/ssh_host_rsa_key.pub.
[   63.498867] cloud-init[869]: The key fingerprint is:
[   63.511506] cloud-init[869]: SHA256:BYjBIE2QQOARgUdR8eJWUjCpAxXnueKdbk03nfVVS7I root@ubuntu-bionic
[   63.536861] cloud-init[869]: The key's randomart image is:
[   63.543967] cloud-init[869]: +---[RSA 2048]----+
[   63.561225] cloud-init[869]: |X%X*B*...        |
[   63.581679] cloud-init[869]: |=.+o+=.  .   . ..|
[   63.600716] cloud-init[869]: | + .= o   .   + o|
[   63.622562] cloud-init[869]: |  o. =   .  .E ..|
[   63.643212] cloud-init[869]: |  ..+   S. o . . |
[   63.658446] cloud-init[869]: | . + .. o o   .  |
[   63.697484] cloud-init[869]: |  . oo . .       |
[   63.723140] cloud-init[869]: |   .. .          |
[   63.737548] cloud-init[869]: |   ..            |
[   63.759519] cloud-init[869]: +----[SHA256]-----+
[   63.789060] cloud-init[869]: Generating public/private dsa key pair.
[   63.818878] cloud-init[869]: Your identification has been saved in /etc/ssh/ssh_host_dsa_key.
[   63.841531] cloud-init[869]: Your public key has been saved in /etc/ssh/ssh_host_dsa_key.pub.
[   63.878160] cloud-init[869]: The key fingerprint is:
[   63.900511] cloud-init[869]: SHA256:WR579C8MFQnWzmE2nwXCaeWSPYRvAPgYPwu3otIb88Q root@ubuntu-bionic
[   63.950264] cloud-init[869]: The key's randomart image is:
[   63.960208] cloud-init[869]: +---[DSA 1024]----+
[   63.980054] cloud-init[869]: [[0;32m  OK  [0m] Started Initial cloud-init job (metadata service crawler).|         ..o+*=o |
[   64.014478] cloud-init[869]: |        o  .**B..|
[   64.025614] cloud-init
[[0;32m  OK  [0m] Reached target Cloud-config availability.
[[0;32m  OK  [0m] Reached target Network is Online.
[869]: |         =o.+B=+o|
[   64.067016]          Starting Availability of block devices...
[[0;32m  OK  [0m] Reached target Remote File Systems (Pre).
cloud-init[869]: |        o+=+ +=o.|
[   64.105727] cloud-init[869]: [[0;32m  OK  [0m] Reached target Remote File Systems.|        Soo+o..  |
[[0;32m  OK  [0m] Reached target System Initialization.

[   64.184169] cloud-init[869]: |       .. o. o . |         Starting LXD - unix socket.
[[0;32m  OK  [0m] Started ACPI Events Check.
[[0;32m  OK  [0m
[   64.258296] ] Reached target Paths.
cloud-init[[0;32m  OK  [0m[869]: ] Listening on UUID daemon activation socket.|     .o.E.    o .|
[   64.320531] 
[[0;32m  OK  [0m] Started Ubuntu Advantage Timer for running repeated jobs.cloud-init[869]: |    . o=       . |
[[0;32m  OK  [0m
] Started Daily apt download activities.
[   64.371275] cloud-init[869]: |     ....        |[[0;32m  OK  [0m] Listening on Open-iSCSI iscsid Socket.
[[0;32m  OK  [0m] Started Discard unused blocks once a week.
[[0;32m  OK  [0m] 
[   64.437861] cloud-initListening on D-Bus System Message Bus Socket.
[[0;32m  OK  [0m[869]: +----[SHA256]-----+] Started Daily apt upgrade and clean activities.
[[0;32m  OK  [0m] Started Daily Cleanup of Temporary Directories.
         Starting Socket activation for snappy daemon.
[[0;32m  OK  [0m] Started Message of the Day.
[   64.588022] cloud-init
[[0;32m  OK  [0m] [869]: Generating public/private ecdsa key pair.
Reached target Timers.
[[0;32m  OK  [0m] Listening on ACPID Listen Socket.
[[0;32m  OK  [0m] Listening on cloud-init hotplug hook socket.
[   64.619824] cloud-init[869]: Your identification has been saved in /etc/ssh/ssh_host_ecdsa_key.
[   64.659727] cloud-init[869]: [[0;32m  OK  [0m] Started Availability of block devices.Your public key has been saved in /etc/ssh/ssh_host_ecdsa_key.pub.
[   64.692513] 
[[0;32m  OK  [0m] Listening on LXD - unix socket.
[[0;32m  OK  [0m] Listening on Socket activation for snappy daemon.cloud-init[869]: The key fingerprint is:

[[0;32m  OK  [0m[   64.737955] cloud-init[869]: SHA256:QOch81h2JG1diZTSlahzWui1qZWt07NpMFYrLBDOUPQ root@ubuntu-bionic] Reached target Sockets.
[[0;32m  OK  [0m] Reached target Basic System.
         
[   64.787500] cloud-init[869]: The key's randomart image is:
[   64.788134] cloud-init[869]: +---[ECDSA 256]---+
Starting LXD - container startup/shutdown...
         Starting Pollinate to seed the pseudo random number generator...
         Starting Virtualbox guest utils...
[   64.933511] cloud-init[869]: |      +oOoo+.*oo |
[   64.967488] [[0;32m  OK  [0m] Started Regular background program processing daemon.
[[0;32m  OK  [0m] Reached target Login Prompts (Pre).
cloud-init         Starting System Logging Service...
[869]: [[0;32m  OK  [0m] Started D-Bus System Message Bus.
|     ..X.=+ * o  |
[   65.130208] cloud-init[869]: |      o+ooE+     |
[   65.166527] cloud-init[869]: |       .+ + + .  |
[   65.202040] cloud-init[869]: |        So B * . |
[   65.216478] cloud-init[869]: |          + @ o  |
[   65.256718] cloud-init[869]: |           = *   |
[   65.292171] cloud-init[869]: |          . o +. |
[   65.332389] cloud-init[869]: |             ooo |
[   65.397555] cloud-init[869]: +----[SHA256]-----+
[   65.447179] cloud-init[869]: Generating public/private ed25519 key pair.
[   65.504375] cloud-init[869]: Your identification has been saved in /etc/ssh/ssh_host_ed25519_key.[[0;32m  OK  [0m] 
Started Deferred execution scheduler.
         Starting Accounts Service...
[   65.675817] cloud-init[869]:          Starting Permit User Sessions...
         Starting Login Service...
[[0;32m  OK  [0m] Started FUSE filesystem for LXC.
Your public key has been saved in /etc/ssh/ssh_host_ed25519_key.pub.         Starting Snap Daemon...

[   65.899692] cloud-init[869]: The key fingerprint is:
[   65.991811] cloud-init[869]: SHA256:EC/QKuTbrQSloCm6Q6hDduNblAHqnZaBKVlU488+p94 root@ubuntu-bionic
[   66.060358] [[0;32m  OK  [0m] Started irqbalance daemon.
cloud-init         Starting LSB: automatic crash report generation...[869]: The key's randomart image is:
         Starting LSB: Record successful boot for GRUB...

[   66.301654] cloud-init[869]: +--[ED25519 256]--+
[   66.353269]          Starting Dispatcher daemon for systemd-networkd...
[[0;32m  OK  [0m] Started System Logging Service.
[[0;32m  OK  [0m] Started Permit User Sessions.
         Starting Hold until boot process finishes up...
cloud-init[869]: | .oo+..          |
         Starting Terminate Plymouth Boot Screen...
[   66.651737] cloud-init[869]: |.o=.oo.o         |
         Starting Authorization Manager...
[[0;32m  OK  [0m] Started Hold until boot process finishes up.
         Starting Set console scheme...
[[0;32m  OK  [0m] Started Serial Getty on ttyS0.
[[0;32m  OK  [0m] Started Terminate Plymouth Boot Screen.[   66.905436] cloud-init
[[0;32m  OK  [0m[869]: |+O +.oo .        |
] Started Login Service.
[[0;32m  OK  [0m] Started Unattended Upgrades Shutdown.
[[0;32m  OK  [0m] Started Set console scheme.
[[0;32m  OK  [0m] Created slice system-getty.slice.
[[0;32m  OK  [0m] Started Getty on tty1.
[[0;32m  OK  [0m] Reached target Login Prompts.
[   67.209139] cloud-init[869]: |* * =ooo         |
[   67.356623] cloud-init[869]: |+. X +o S        |
[[0;32m  OK  [0m] Started LXD - container startup/shutdown.
[   67.579230] cloud-init[869]: |o+oo+..          |
[   67.670196] cloud-init[[0;32m  OK  [0m] Started LSB: automatic crash report generation.[869]: 
|=.o..oo .        |
[   67.787069] cloud-init[869]: |=  .o  =         |
[   67.871147] cloud-init[869]: [[0;32m  OK  [0m] Started Authorization Manager.
| o ...o E        |[[0;32m  OK  [0m] Started LSB: Record successful boot for GRUB.
[[0;32m  OK  [0m] Started Accounts Service.

[   68.040691] cloud-init[869]: +----[SHA256]-----+
[[0;32m  OK  [0m] Started Virtualbox guest utils.

Ubuntu 18.04.6 LTS ubuntu-bionic ttyS0

ubuntu-bionic login: [  119.574398] cloud-init[1359]: Cloud-init v. 23.1.2-0ubuntu0~18.04.1 running 'modules:config' at Tue, 06 Aug 2024 21:08:25 +0000. Up 106.88 seconds.
ci-info: no authorized SSH keys fingerprints found for user ubuntu.
<14>Aug  6 21:08:50 cloud-init: #############################################################
<14>Aug  6 21:08:50 cloud-init: -----BEGIN SSH HOST KEY FINGERPRINTS-----
<14>Aug  6 21:08:50 cloud-init: 1024 SHA256:WR579C8MFQnWzmE2nwXCaeWSPYRvAPgYPwu3otIb88Q root@ubuntu-bionic (DSA)
<14>Aug  6 21:08:50 cloud-init: 256 SHA256:QOch81h2JG1diZTSlahzWui1qZWt07NpMFYrLBDOUPQ root@ubuntu-bionic (ECDSA)
<14>Aug  6 21:08:50 cloud-init: 256 SHA256:EC/QKuTbrQSloCm6Q6hDduNblAHqnZaBKVlU488+p94 root@ubuntu-bionic (ED25519)
<14>Aug  6 21:08:50 cloud-init: 2048 SHA256:BYjBIE2QQOARgUdR8eJWUjCpAxXnueKdbk03nfVVS7I root@ubuntu-bionic (RSA)
<14>Aug  6 21:08:50 cloud-init: -----END SSH HOST KEY FINGERPRINTS-----
<14>Aug  6 21:08:50 cloud-init: #############################################################
-----BEGIN SSH HOST KEY KEYS-----
ecdsa-sha2-nistp256 AAAAE2VjZHNhLXNoYTItbmlzdHAyNTYAAAAIbmlzdHAyNTYAAABBBMXdm+6DJk8kOitcJVzfuT/XrR9PJ8qkKNhIOYrmlY5QmtUu6NFTljBlCyLdLBcGMdaNBhu05EjMZEW5a+xU0dw= root@ubuntu-bionic
ssh-ed25519 AAAAC3NzaC1lZDI1NTE5AAAAIILnxXHMm7DXAODq0VO0kkVMAu00f48wPGGdTniRgR3f root@ubuntu-bionic
ssh-rsa AAAAB3NzaC1yc2EAAAADAQABAAABAQDXnnujZd+sq354dQZWbA58sYMs9lghZKXB0vs7IYMNt1NDZfr1vMfihUKPXLwbxuaRYoRtOT7tzAmvdkHjSz096rvUaGkd2RfAd6rb1OafmxqjortpHSOZzEvCF8AxwxK4vFyNgk+xI2KS6uQAN5yyXc1krhWx2ckLFdQOyfnjB669fIl9mh3yUjxyuCk4GnRrCnhjr/0fGjBphLKML+/C0bSFPzvbHlQtT86CE8n0ih/SPM/f8k8HbunEzNSs/1HZfZqdGxuPVsmv27azEQ7L7ArtZoKfmOQCZeIL/RIZV8uUUI7eeXwSB6E9K6ypoO0TaGo/pdHTlOl2jUCmFHQ5 root@ubuntu-bionic
-----END SSH HOST KEY KEYS-----
[  131.656192] cloud-init[1590]: Cloud-init v. 23.1.2-0ubuntu0~18.04.1 running 'modules:final' at Tue, 06 Aug 2024 21:08:48 +0000. Up 129.16 seconds.
[  131.701629] cloud-init[1590]: Cloud-init v. 23.1.2-0ubuntu0~18.04.1 finished at Tue, 06 Aug 2024 21:08:50 +0000. Datasource DataSourceNoCloud [seed=/dev/sdb][dsmode=net].  Up 131.59 seconds
